jsr	inicia	32813	BD
beq	ciclo	32822	27
jsr	datarx	32835	BD
jsr	binbcd	32852	BD
jsr	display	32855	BD
jsr	coma	32858	BD
jsr	volta	32861	BD
jsr	bnbcd	32867	BD
jsr	dsply	32870	BD
jsr	coma	32873	BD
jsr	bnbcd	32879	BD
jsr	dsply	32882	BD
jsr	coma	32885	BD
jsr	bnbcd	32891	BD
jsr	dsply	32894	BD
jsr	coma	32897	BD
jsr	bnbcd	32903	BD
jsr	dsply	32906	BD
jsr	coma	32909	BD
jsr	bnbcd	32915	BD
jsr	dsply	32918	BD
jsr	crytrn	32921	BD
jmp	ciclo	32924	7E
jsr	binbcd	32990	BD
jsr	display	32993	BD
jsr	coma	32996	BD
jsr	bnbcd	33011	BD
jsr	dsply	33014	BD
jsr	coma	33017	BD
jsr	bnbcd	33026	BD
jsr	dsply	33029	BD
jsr	coma	33032	BD
jsr	bnbcd	33041	BD
jsr	dsply	33044	BD
jsr	coma	33047	BD
jsr	bnbcd	33056	BD
jsr	dsply	33059	BD
jsr	coma	33062	BD
jsr	bnbcd	33071	BD
jsr	dsply	33074	BD
jsr	crytrn	33083	BD
brclr	c1	33098	1F
brclr	t1	33116	1F
brclr	t2	33130	1F
brclr	t3	33147	1F
brclr	t4	33161	1F
brclr	t5	33175	1F
brclr	cr1	33191	1F
brclr	cr2	33203	1F
brclr	dt1	33219	1F
brclr	dt2	33231	1F
brclr	e1	33249	1F
brclr	e2	33268	1F
brclr	e3	33282	1F
brclr	e4	33296	1F
beq	segundo	61723	27
jsr	inicia	32813	BD
beq	ciclo	32822	27
jsr	datarx	32835	BD
jsr	binbcd	32852	BD
jsr	display	32855	BD
jsr	coma	32858	BD
jsr	volta	32861	BD
jsr	bnbcd	32867	BD
jsr	dsply	32870	BD
jsr	coma	32873	BD
jsr	bnbcd	32879	BD
jsr	dsply	32882	BD
jsr	coma	32885	BD
jsr	bnbcd	32891	BD
jsr	dsply	32894	BD
jsr	coma	32897	BD
jsr	bnbcd	32903	BD
jsr	dsply	32906	BD
jsr	coma	32909	BD
jsr	bnbcd	32915	BD
jsr	dsply	32918	BD
jsr	crytrn	32921	BD
jmp	ciclo	32924	7E
jsr	binbcd	32990	BD
jsr	display	32993	BD
jsr	coma	32996	BD
jsr	bnbcd	33011	BD
jsr	dsply	33014	BD
jsr	coma	33017	BD
jsr	bnbcd	33026	BD
jsr	dsply	33029	BD
jsr	coma	33032	BD
jsr	bnbcd	33041	BD
jsr	dsply	33044	BD
jsr	coma	33047	BD
jsr	bnbcd	33056	BD
jsr	dsply	33059	BD
jsr	coma	33062	BD
jsr	bnbcd	33071	BD
jsr	dsply	33074	BD
jsr	crytrn	33083	BD
brclr	c1	33098	1F
brclr	t1	33116	1F
brclr	t2	33130	1F
brclr	t3	33147	1F
brclr	t4	33161	1F
brclr	t5	33175	1F
brclr	cr1	33191	1F
brclr	cr2	33203	1F
brclr	dt1	33219	1F
brclr	dt2	33231	1F
brclr	e1	33249	1F
brclr	e2	33268	1F
brclr	e3	33282	1F
brclr	e4	33296	1F
beq	segundo	61723	27
jsr	inicia	32813	BD
beq	ciclo	32822	27
jsr	datarx	32835	BD
jsr	binbcd	32852	BD
jsr	display	32855	BD
jsr	coma	32858	BD
jsr	volta	32861	BD
jsr	bnbcd	32867	BD
jsr	dsply	32870	BD
jsr	coma	32873	BD
jsr	bnbcd	32879	BD
jsr	dsply	32882	BD
jsr	coma	32885	BD
jsr	bnbcd	32891	BD
jsr	dsply	32894	BD
jsr	coma	32897	BD
jsr	bnbcd	32903	BD
jsr	dsply	32906	BD
jsr	coma	32909	BD
jsr	bnbcd	32915	BD
jsr	dsply	32918	BD
jsr	crytrn	32921	BD
jmp	ciclo	32924	7E
jsr	binbcd	32990	BD
jsr	display	32993	BD
jsr	coma	32996	BD
jsr	bnbcd	33011	BD
jsr	dsply	33014	BD
jsr	coma	33017	BD
jsr	bnbcd	33026	BD
jsr	dsply	33029	BD
jsr	coma	33032	BD
jsr	bnbcd	33041	BD
jsr	dsply	33044	BD
jsr	coma	33047	BD
jsr	bnbcd	33056	BD
jsr	dsply	33059	BD
jsr	coma	33062	BD
jsr	bnbcd	33071	BD
jsr	dsply	33074	BD
jsr	crytrn	33083	BD
brclr	c1	33098	1F
brclr	t1	33116	1F
brclr	t2	33130	1F
brclr	t3	33147	1F
brclr	t4	33161	1F
brclr	t5	33175	1F
brclr	cr1	33191	1F
brclr	cr2	33203	1F
brclr	dt1	33219	1F
brclr	dt2	33231	1F
brclr	e1	33249	1F
brclr	e2	33268	1F
brclr	e3	33282	1F
brclr	e4	33296	1F
beq	segundo	61723	27
jsr	inicia	32813	BD
beq	ciclo	32822	27
jsr	datarx	32835	BD
jsr	binbcd	32852	BD
jsr	display	32855	BD
jsr	coma	32858	BD
jsr	volta	32861	BD
jsr	bnbcd	32867	BD
jsr	dsply	32870	BD
jsr	coma	32873	BD
jsr	bnbcd	32879	BD
jsr	dsply	32882	BD
jsr	coma	32885	BD
jsr	bnbcd	32891	BD
jsr	dsply	32894	BD
jsr	coma	32897	BD
jsr	bnbcd	32903	BD
jsr	dsply	32906	BD
jsr	coma	32909	BD
jsr	bnbcd	32915	BD
jsr	dsply	32918	BD
jsr	crytrn	32921	BD
jmp	ciclo	32924	7E
jsr	binbcd	32990	BD
jsr	display	32993	BD
jsr	coma	32996	BD
jsr	bnbcd	33011	BD
jsr	dsply	33014	BD
jsr	coma	33017	BD
jsr	bnbcd	33026	BD
jsr	dsply	33029	BD
jsr	coma	33032	BD
jsr	bnbcd	33041	BD
jsr	dsply	33044	BD
jsr	coma	33047	BD
jsr	bnbcd	33056	BD
jsr	dsply	33059	BD
jsr	coma	33062	BD
jsr	bnbcd	33071	BD
jsr	dsply	33074	BD
jsr	crytrn	33083	BD
brclr	c1	33098	1F
brclr	t1	33116	1F
brclr	t2	33130	1F
brclr	t3	33147	1F
brclr	t4	33161	1F
brclr	t5	33175	1F
brclr	cr1	33191	1F
brclr	cr2	33203	1F
brclr	dt1	33219	1F
brclr	dt2	33231	1F
brclr	e1	33249	1F
brclr	e2	33268	1F
brclr	e3	33282	1F
brclr	e4	33296	1F
beq	segundo	61723	27
jsr	inicia	32813	BD
beq	ciclo	32822	27
jsr	datarx	32835	BD
jsr	binbcd	32852	BD
jsr	display	32855	BD
jsr	coma	32858	BD
jsr	volta	32861	BD
jsr	bnbcd	32867	BD
jsr	dsply	32870	BD
jsr	coma	32873	BD
jsr	bnbcd	32879	BD
jsr	dsply	32882	BD
jsr	coma	32885	BD
jsr	bnbcd	32891	BD
jsr	dsply	32894	BD
jsr	coma	32897	BD
jsr	bnbcd	32903	BD
jsr	dsply	32906	BD
jsr	coma	32909	BD
jsr	bnbcd	32915	BD
jsr	dsply	32918	BD
jsr	crytrn	32921	BD
jmp	ciclo	32924	7E
jsr	binbcd	32990	BD
jsr	display	32993	BD
jsr	coma	32996	BD
jsr	bnbcd	33011	BD
jsr	dsply	33014	BD
jsr	coma	33017	BD
jsr	bnbcd	33026	BD
jsr	dsply	33029	BD
jsr	coma	33032	BD
jsr	bnbcd	33041	BD
jsr	dsply	33044	BD
jsr	coma	33047	BD
jsr	bnbcd	33056	BD
jsr	dsply	33059	BD
jsr	coma	33062	BD
jsr	bnbcd	33071	BD
jsr	dsply	33074	BD
jsr	crytrn	33083	BD
brclr	c1	33098	1F
brclr	t1	33116	1F
brclr	t2	33130	1F
brclr	t3	33147	1F
brclr	t4	33161	1F
brclr	t5	33175	1F
brclr	cr1	33191	1F
brclr	cr2	33203	1F
brclr	dt1	33219	1F
brclr	dt2	33231	1F
brclr	e1	33249	1F
brclr	e2	33268	1F
brclr	e3	33282	1F
brclr	e4	33296	1F
beq	segundo	61723	27
jsr	inicia	32813	BD
beq	ciclo	32822	27
jsr	datarx	32835	BD
jsr	binbcd	32852	BD
jsr	display	32855	BD
jsr	coma	32858	BD
jsr	volta	32861	BD
jsr	bnbcd	32867	BD
jsr	dsply	32870	BD
jsr	coma	32873	BD
jsr	bnbcd	32879	BD
jsr	dsply	32882	BD
jsr	coma	32885	BD
jsr	bnbcd	32891	BD
jsr	dsply	32894	BD
jsr	coma	32897	BD
jsr	bnbcd	32903	BD
jsr	dsply	32906	BD
jsr	coma	32909	BD
jsr	bnbcd	32915	BD
jsr	dsply	32918	BD
jsr	crytrn	32921	BD
jmp	ciclo	32924	7E
jsr	binbcd	32990	BD
jsr	display	32993	BD
jsr	coma	32996	BD
jsr	bnbcd	33011	BD
jsr	dsply	33014	BD
jsr	coma	33017	BD
jsr	bnbcd	33026	BD
jsr	dsply	33029	BD
jsr	coma	33032	BD
jsr	bnbcd	33041	BD
jsr	dsply	33044	BD
jsr	coma	33047	BD
jsr	bnbcd	33056	BD
jsr	dsply	33059	BD
jsr	coma	33062	BD
jsr	bnbcd	33071	BD
jsr	dsply	33074	BD
jsr	crytrn	33083	BD
brclr	c1	33098	1F
brclr	t1	33116	1F
brclr	t2	33130	1F
brclr	t3	33147	1F
brclr	t4	33161	1F
brclr	t5	33175	1F
brclr	cr1	33191	1F
brclr	cr2	33203	1F
brclr	dt1	33219	1F
brclr	dt2	33231	1F
brclr	e1	33249	1F
brclr	e2	33268	1F
brclr	e3	33282	1F
brclr	e4	33296	1F
beq	segundo	61723	27
jsr	inicia	32813	BD
beq	ciclo	32822	27
jsr	datarx	32835	BD
jsr	binbcd	32852	BD
jsr	display	32855	BD
jsr	coma	32858	BD
jsr	volta	32861	BD
jsr	bnbcd	32867	BD
jsr	dsply	32870	BD
jsr	coma	32873	BD
jsr	bnbcd	32879	BD
jsr	dsply	32882	BD
jsr	coma	32885	BD
jsr	bnbcd	32891	BD
jsr	dsply	32894	BD
jsr	coma	32897	BD
jsr	bnbcd	32903	BD
jsr	dsply	32906	BD
jsr	coma	32909	BD
jsr	bnbcd	32915	BD
jsr	dsply	32918	BD
jsr	crytrn	32921	BD
jmp	ciclo	32924	7E
jsr	binbcd	32990	BD
jsr	display	32993	BD
jsr	coma	32996	BD
jsr	bnbcd	33011	BD
jsr	dsply	33014	BD
jsr	coma	33017	BD
jsr	bnbcd	33026	BD
jsr	dsply	33029	BD
jsr	coma	33032	BD
jsr	bnbcd	33041	BD
jsr	dsply	33044	BD
jsr	coma	33047	BD
jsr	bnbcd	33056	BD
jsr	dsply	33059	BD
jsr	coma	33062	BD
jsr	bnbcd	33071	BD
jsr	dsply	33074	BD
jsr	crytrn	33083	BD
brclr	c1	33098	1F
brclr	t1	33116	1F
brclr	t2	33130	1F
brclr	t3	33147	1F
brclr	t4	33161	1F
brclr	t5	33175	1F
brclr	cr1	33191	1F
brclr	cr2	33203	1F
brclr	dt1	33219	1F
brclr	dt2	33231	1F
brclr	e1	33249	1F
brclr	e2	33268	1F
brclr	e3	33282	1F
brclr	e4	33296	1F
beq	segundo	61723	27
jsr	inicia	32813	BD
beq	ciclo	32822	27
jsr	datarx	32835	BD
jsr	binbcd	32852	BD
jsr	display	32855	BD
jsr	coma	32858	BD
jsr	volta	32861	BD
jsr	bnbcd	32867	BD
jsr	dsply	32870	BD
jsr	coma	32873	BD
jsr	bnbcd	32879	BD
jsr	dsply	32882	BD
jsr	coma	32885	BD
jsr	bnbcd	32891	BD
jsr	dsply	32894	BD
jsr	coma	32897	BD
jsr	bnbcd	32903	BD
jsr	dsply	32906	BD
jsr	coma	32909	BD
jsr	bnbcd	32915	BD
jsr	dsply	32918	BD
jsr	crytrn	32921	BD
jmp	ciclo	32924	7E
jsr	binbcd	32990	BD
jsr	display	32993	BD
jsr	coma	32996	BD
jsr	bnbcd	33011	BD
jsr	dsply	33014	BD
jsr	coma	33017	BD
jsr	bnbcd	33026	BD
jsr	dsply	33029	BD
jsr	coma	33032	BD
jsr	bnbcd	33041	BD
jsr	dsply	33044	BD
jsr	coma	33047	BD
jsr	bnbcd	33056	BD
jsr	dsply	33059	BD
jsr	coma	33062	BD
jsr	bnbcd	33071	BD
jsr	dsply	33074	BD
jsr	crytrn	33083	BD
brclr	c1	33098	1F
brclr	t1	33116	1F
brclr	t2	33130	1F
brclr	t3	33147	1F
brclr	t4	33161	1F
brclr	t5	33175	1F
brclr	cr1	33191	1F
brclr	cr2	33203	1F
brclr	dt1	33219	1F
brclr	dt2	33231	1F
brclr	e1	33249	1F
brclr	e2	33268	1F
brclr	e3	33282	1F
brclr	e4	33296	1F
beq	segundo	61723	27
jsr	inicia	32813	BD
beq	ciclo	32822	27
jsr	datarx	32835	BD
jsr	binbcd	32852	BD
jsr	display	32855	BD
jsr	coma	32858	BD
jsr	volta	32861	BD
jsr	bnbcd	32867	BD
jsr	dsply	32870	BD
jsr	coma	32873	BD
jsr	bnbcd	32879	BD
jsr	dsply	32882	BD
jsr	coma	32885	BD
jsr	bnbcd	32891	BD
jsr	dsply	32894	BD
jsr	coma	32897	BD
jsr	bnbcd	32903	BD
jsr	dsply	32906	BD
jsr	coma	32909	BD
jsr	bnbcd	32915	BD
jsr	dsply	32918	BD
jsr	crytrn	32921	BD
jmp	ciclo	32924	7E
jsr	binbcd	32990	BD
jsr	display	32993	BD
jsr	coma	32996	BD
jsr	bnbcd	33011	BD
jsr	dsply	33014	BD
jsr	coma	33017	BD
jsr	bnbcd	33026	BD
jsr	dsply	33029	BD
jsr	coma	33032	BD
jsr	bnbcd	33041	BD
jsr	dsply	33044	BD
jsr	coma	33047	BD
jsr	bnbcd	33056	BD
jsr	dsply	33059	BD
jsr	coma	33062	BD
jsr	bnbcd	33071	BD
jsr	dsply	33074	BD
jsr	crytrn	33083	BD
brclr	c1	33098	1F
brclr	t1	33116	1F
brclr	t2	33130	1F
brclr	t3	33147	1F
brclr	t4	33161	1F
brclr	t5	33175	1F
brclr	cr1	33191	1F
brclr	cr2	33203	1F
brclr	dt1	33219	1F
brclr	dt2	33231	1F
brclr	e1	33249	1F
brclr	e2	33268	1F
brclr	e3	33282	1F
brclr	e4	33296	1F
beq	segundo	61723	27
jsr	inicia	32813	BD
beq	ciclo	32822	27
jsr	datarx	32835	BD
jsr	binbcd	32852	BD
jsr	display	32855	BD
jsr	coma	32858	BD
jsr	volta	32861	BD
jsr	bnbcd	32867	BD
jsr	dsply	32870	BD
jsr	coma	32873	BD
jsr	bnbcd	32879	BD
jsr	dsply	32882	BD
jsr	coma	32885	BD
jsr	bnbcd	32891	BD
jsr	dsply	32894	BD
jsr	coma	32897	BD
jsr	bnbcd	32903	BD
jsr	dsply	32906	BD
jsr	coma	32909	BD
jsr	bnbcd	32915	BD
jsr	dsply	32918	BD
jsr	crytrn	32921	BD
jmp	ciclo	32924	7E
jsr	binbcd	32990	BD
jsr	display	32993	BD
jsr	coma	32996	BD
jsr	bnbcd	33011	BD
jsr	dsply	33014	BD
jsr	coma	33017	BD
jsr	bnbcd	33026	BD
jsr	dsply	33029	BD
jsr	coma	33032	BD
jsr	bnbcd	33041	BD
jsr	dsply	33044	BD
jsr	coma	33047	BD
jsr	bnbcd	33056	BD
jsr	dsply	33059	BD
jsr	coma	33062	BD
jsr	bnbcd	33071	BD
jsr	dsply	33074	BD
jsr	crytrn	33083	BD
brclr	c1	33098	1F
brclr	t1	33116	1F
brclr	t2	33130	1F
brclr	t3	33147	1F
brclr	t4	33161	1F
brclr	t5	33175	1F
brclr	cr1	33191	1F
brclr	cr2	33203	1F
brclr	dt1	33219	1F
brclr	dt2	33231	1F
brclr	e1	33249	1F
brclr	e2	33268	1F
brclr	e3	33282	1F
brclr	e4	33296	1F
beq	segundo	61723	27
jsr	inicia	32813	BD
beq	ciclo	32822	27
jsr	datarx	32835	BD
jsr	binbcd	32852	BD
jsr	display	32855	BD
jsr	coma	32858	BD
jsr	volta	32861	BD
jsr	bnbcd	32867	BD
jsr	dsply	32870	BD
jsr	coma	32873	BD
jsr	bnbcd	32879	BD
jsr	dsply	32882	BD
jsr	coma	32885	BD
jsr	bnbcd	32891	BD
jsr	dsply	32894	BD
jsr	coma	32897	BD
jsr	bnbcd	32903	BD
jsr	dsply	32906	BD
jsr	coma	32909	BD
jsr	bnbcd	32915	BD
jsr	dsply	32918	BD
jsr	crytrn	32921	BD
jmp	ciclo	32924	7E
jsr	binbcd	32990	BD
jsr	display	32993	BD
jsr	coma	32996	BD
jsr	bnbcd	33011	BD
jsr	dsply	33014	BD
jsr	coma	33017	BD
jsr	bnbcd	33026	BD
jsr	dsply	33029	BD
jsr	coma	33032	BD
jsr	bnbcd	33041	BD
jsr	dsply	33044	BD
jsr	coma	33047	BD
jsr	bnbcd	33056	BD
jsr	dsply	33059	BD
jsr	coma	33062	BD
jsr	bnbcd	33071	BD
jsr	dsply	33074	BD
jsr	crytrn	33083	BD
brclr	c1	33098	1F
brclr	t1	33116	1F
brclr	t2	33130	1F
brclr	t3	33147	1F
brclr	t4	33161	1F
brclr	t5	33175	1F
brclr	cr1	33191	1F
brclr	cr2	33203	1F
brclr	dt1	33219	1F
brclr	dt2	33231	1F
brclr	e1	33249	1F
brclr	e2	33268	1F
brclr	e3	33282	1F
brclr	e4	33296	1F
beq	segundo	61723	27
jsr	inicia	32813	BD
beq	ciclo	32822	27
jsr	datarx	32835	BD
jsr	binbcd	32852	BD
jsr	display	32855	BD
jsr	coma	32858	BD
jsr	volta	32861	BD
jsr	bnbcd	32867	BD
jsr	dsply	32870	BD
jsr	coma	32873	BD
jsr	bnbcd	32879	BD
jsr	dsply	32882	BD
jsr	coma	32885	BD
jsr	bnbcd	32891	BD
jsr	dsply	32894	BD
jsr	coma	32897	BD
jsr	bnbcd	32903	BD
jsr	dsply	32906	BD
jsr	coma	32909	BD
jsr	bnbcd	32915	BD
jsr	dsply	32918	BD
jsr	crytrn	32921	BD
jmp	ciclo	32924	7E
jsr	binbcd	32990	BD
jsr	display	32993	BD
jsr	coma	32996	BD
jsr	bnbcd	33011	BD
jsr	dsply	33014	BD
jsr	coma	33017	BD
jsr	bnbcd	33026	BD
jsr	dsply	33029	BD
jsr	coma	33032	BD
jsr	bnbcd	33041	BD
jsr	dsply	33044	BD
jsr	coma	33047	BD
jsr	bnbcd	33056	BD
jsr	dsply	33059	BD
jsr	coma	33062	BD
jsr	bnbcd	33071	BD
jsr	dsply	33074	BD
jsr	crytrn	33083	BD
brclr	c1	33098	1F
brclr	t1	33116	1F
brclr	t2	33130	1F
brclr	t3	33147	1F
brclr	t4	33161	1F
brclr	t5	33175	1F
brclr	cr1	33191	1F
brclr	cr2	33203	1F
brclr	dt1	33219	1F
brclr	dt2	33231	1F
brclr	e1	33249	1F
brclr	e2	33268	1F
brclr	e3	33282	1F
brclr	e4	33296	1F
beq	segundo	61723	27
jsr	inicia	32813	BD
beq	ciclo	32822	27
jsr	datarx	32835	BD
jsr	binbcd	32852	BD
jsr	display	32855	BD
jsr	coma	32858	BD
jsr	volta	32861	BD
jsr	bnbcd	32867	BD
jsr	dsply	32870	BD
jsr	coma	32873	BD
jsr	bnbcd	32879	BD
jsr	dsply	32882	BD
jsr	coma	32885	BD
jsr	bnbcd	32891	BD
jsr	dsply	32894	BD
jsr	coma	32897	BD
jsr	bnbcd	32903	BD
jsr	dsply	32906	BD
jsr	coma	32909	BD
jsr	bnbcd	32915	BD
jsr	dsply	32918	BD
jsr	crytrn	32921	BD
jmp	ciclo	32924	7E
jsr	binbcd	32990	BD
jsr	display	32993	BD
jsr	coma	32996	BD
jsr	bnbcd	33011	BD
jsr	dsply	33014	BD
jsr	coma	33017	BD
jsr	bnbcd	33026	BD
jsr	dsply	33029	BD
jsr	coma	33032	BD
jsr	bnbcd	33041	BD
jsr	dsply	33044	BD
jsr	coma	33047	BD
jsr	bnbcd	33056	BD
jsr	dsply	33059	BD
jsr	coma	33062	BD
jsr	bnbcd	33071	BD
jsr	dsply	33074	BD
jsr	crytrn	33083	BD
brclr	c1	33098	1F
brclr	t1	33116	1F
brclr	t2	33130	1F
brclr	t3	33147	1F
brclr	t4	33161	1F
brclr	t5	33175	1F
brclr	cr1	33191	1F
brclr	cr2	33203	1F
brclr	dt1	33219	1F
brclr	dt2	33231	1F
brclr	e1	33249	1F
brclr	e2	33268	1F
brclr	e3	33282	1F
brclr	e4	33296	1F
beq	segundo	61723	27
jsr	inicia	32813	BD
beq	ciclo	32822	27
jsr	datarx	32835	BD
jsr	binbcd	32852	BD
jsr	display	32855	BD
jsr	coma	32858	BD
jsr	volta	32861	BD
jsr	bnbcd	32867	BD
jsr	dsply	32870	BD
jsr	coma	32873	BD
jsr	bnbcd	32879	BD
jsr	dsply	32882	BD
jsr	coma	32885	BD
jsr	bnbcd	32891	BD
jsr	dsply	32894	BD
jsr	coma	32897	BD
jsr	bnbcd	32903	BD
jsr	dsply	32906	BD
jsr	coma	32909	BD
jsr	bnbcd	32915	BD
jsr	dsply	32918	BD
jsr	crytrn	32921	BD
jmp	ciclo	32924	7E
jsr	binbcd	32990	BD
jsr	display	32993	BD
jsr	coma	32996	BD
jsr	bnbcd	33011	BD
jsr	dsply	33014	BD
jsr	coma	33017	BD
jsr	bnbcd	33026	BD
jsr	dsply	33029	BD
jsr	coma	33032	BD
jsr	bnbcd	33041	BD
jsr	dsply	33044	BD
jsr	coma	33047	BD
jsr	bnbcd	33056	BD
jsr	dsply	33059	BD
jsr	coma	33062	BD
jsr	bnbcd	33071	BD
jsr	dsply	33074	BD
jsr	crytrn	33083	BD
brclr	c1	33098	1F
brclr	t1	33116	1F
brclr	t2	33130	1F
brclr	t3	33147	1F
brclr	t4	33161	1F
brclr	t5	33175	1F
brclr	cr1	33191	1F
brclr	cr2	33203	1F
brclr	dt1	33219	1F
brclr	dt2	33231	1F
brclr	e1	33249	1F
brclr	e2	33268	1F
brclr	e3	33282	1F
brclr	e4	33296	1F
beq	segundo	61723	27
jsr	inicia	32813	BD
beq	ciclo	32822	27
jsr	datarx	32835	BD
jsr	binbcd	32852	BD
jsr	display	32855	BD
jsr	coma	32858	BD
jsr	volta	32861	BD
jsr	bnbcd	32867	BD
jsr	dsply	32870	BD
jsr	coma	32873	BD
jsr	bnbcd	32879	BD
jsr	dsply	32882	BD
jsr	coma	32885	BD
jsr	bnbcd	32891	BD
jsr	dsply	32894	BD
jsr	coma	32897	BD
jsr	bnbcd	32903	BD
jsr	dsply	32906	BD
jsr	coma	32909	BD
jsr	bnbcd	32915	BD
jsr	dsply	32918	BD
jsr	crytrn	32921	BD
jmp	ciclo	32924	7E
jsr	binbcd	32990	BD
jsr	display	32993	BD
jsr	coma	32996	BD
jsr	bnbcd	33011	BD
jsr	dsply	33014	BD
jsr	coma	33017	BD
jsr	bnbcd	33026	BD
jsr	dsply	33029	BD
jsr	coma	33032	BD
jsr	bnbcd	33041	BD
jsr	dsply	33044	BD
jsr	coma	33047	BD
jsr	bnbcd	33056	BD
jsr	dsply	33059	BD
jsr	coma	33062	BD
jsr	bnbcd	33071	BD
jsr	dsply	33074	BD
jsr	crytrn	33083	BD
brclr	c1	33098	1F
brclr	t1	33116	1F
brclr	t2	33130	1F
brclr	t3	33147	1F
brclr	t4	33161	1F
brclr	t5	33175	1F
brclr	cr1	33191	1F
brclr	cr2	33203	1F
brclr	dt1	33219	1F
brclr	dt2	33231	1F
brclr	e1	33249	1F
brclr	e2	33268	1F
brclr	e3	33282	1F
brclr	e4	33296	1F
beq	segundo	61723	27
jsr	inicia	32813	BD
beq	ciclo	32822	27
jsr	datarx	32835	BD
jsr	binbcd	32852	BD
jsr	display	32855	BD
jsr	coma	32858	BD
jsr	volta	32861	BD
jsr	bnbcd	32867	BD
jsr	dsply	32870	BD
jsr	coma	32873	BD
jsr	bnbcd	32879	BD
jsr	dsply	32882	BD
jsr	coma	32885	BD
jsr	bnbcd	32891	BD
jsr	dsply	32894	BD
jsr	coma	32897	BD
jsr	bnbcd	32903	BD
jsr	dsply	32906	BD
jsr	coma	32909	BD
jsr	bnbcd	32915	BD
jsr	dsply	32918	BD
jsr	crytrn	32921	BD
jmp	ciclo	32924	7E
jsr	binbcd	32990	BD
jsr	display	32993	BD
jsr	coma	32996	BD
jsr	bnbcd	33011	BD
jsr	dsply	33014	BD
jsr	coma	33017	BD
jsr	bnbcd	33026	BD
jsr	dsply	33029	BD
jsr	coma	33032	BD
jsr	bnbcd	33041	BD
jsr	dsply	33044	BD
jsr	coma	33047	BD
jsr	bnbcd	33056	BD
jsr	dsply	33059	BD
jsr	coma	33062	BD
jsr	bnbcd	33071	BD
jsr	dsply	33074	BD
jsr	crytrn	33083	BD
brclr	c1	33098	1F
brclr	t1	33116	1F
brclr	t2	33130	1F
brclr	t3	33147	1F
brclr	t4	33161	1F
brclr	t5	33175	1F
brclr	cr1	33191	1F
brclr	cr2	33203	1F
brclr	dt1	33219	1F
brclr	dt2	33231	1F
brclr	e1	33249	1F
brclr	e2	33268	1F
brclr	e3	33282	1F
brclr	e4	33296	1F
beq	segundo	61723	27
